<?xml version="1.0" encoding="UTF-8"?>
<!-- Generated by org.testng.reporters.JUnitReportReporter -->
<testsuite skipped="0" hostname="MBRLT00979" name="com.mmb.qa.testcases.PropertyAlertTest" tests="5" failures="0" timestamp="2021-03-11T11:06:57 IST" time="172.427" errors="0">
  <testcase name="verifyPropertyAlertLable" time="31.946" classname="com.mmb.qa.testcases.PropertyAlertTest"/>
  <system-out/>
  <testcase name="verifyClickOnPropertyLink" time="38.878" classname="com.mmb.qa.testcases.PropertyAlertTest"/>
  <system-out/>
  <testcase name="verifySetNewAlertLink" time="35.900" classname="com.mmb.qa.testcases.PropertyAlertTest"/>
  <system-out/>
  <testcase name="verifyEditLink" time="34.001" classname="com.mmb.qa.testcases.PropertyAlertTest"/>
  <system-out/>
  <testcase name="verifyUnSubLink" time="31.702" classname="com.mmb.qa.testcases.PropertyAlertTest"/>
  <system-out/>
</testsuite> <!-- com.mmb.qa.testcases.PropertyAlertTest -->
