<?xml version="1.0" encoding="UTF-8"?>
<!-- Generated by org.testng.reporters.JUnitReportReporter -->
<testsuite skipped="0" hostname="MBRLT00979" name="com.mmb.qa.testcases.PropertiesPageTest" tests="2" failures="0" timestamp="2021-03-11T11:06:57 IST" time="64.959" errors="0">
  <testcase name="verifyThePropertyTabPage" time="24.848" classname="com.mmb.qa.testcases.PropertiesPageTest"/>
  <system-out/>
  <testcase name="verifyAllLinkOnPropertyPage" time="40.111" classname="com.mmb.qa.testcases.PropertiesPageTest"/>
  <system-out/>
</testsuite> <!-- com.mmb.qa.testcases.PropertiesPageTest -->
