<?xml version="1.0" encoding="UTF-8"?>
<!-- Generated by org.testng.reporters.JUnitReportReporter -->
<testsuite skipped="0" hostname="MBRLT00979" name="com.mmb.qa.testcases.LoginPageTest" tests="3" failures="0" timestamp="2021-03-11T11:06:57 IST" time="40.071" errors="0">
  <testcase name="loginPageTitleTest" time="6.842" classname="com.mmb.qa.testcases.LoginPageTest"/>
  <system-out/>
  <testcase name="mmbLogoImageTest" time="7.730" classname="com.mmb.qa.testcases.LoginPageTest"/>
  <system-out/>
  <testcase name="loginTest" time="25.499" classname="com.mmb.qa.testcases.LoginPageTest"/>
  <system-out/>
</testsuite> <!-- com.mmb.qa.testcases.LoginPageTest -->
