<?xml version="1.0" encoding="UTF-8"?>
<!-- Generated by org.testng.reporters.JUnitReportReporter -->
<testsuite skipped="0" hostname="MBRLT00979" name="com.mmb.qa.testcases.HomePageTest" tests="3" failures="0" timestamp="2021-03-11T11:06:57 IST" time="78.366" errors="0">
  <testcase name="verifyHomePageTitleTest" time="22.476" classname="com.mmb.qa.testcases.HomePageTest"/>
  <system-out/>
  <testcase name="verifyUserNameTest" time="25.000" classname="com.mmb.qa.testcases.HomePageTest"/>
  <system-out/>
  <testcase name="verifyContactLink" time="30.890" classname="com.mmb.qa.testcases.HomePageTest"/>
  <system-out/>
</testsuite> <!-- com.mmb.qa.testcases.HomePageTest -->
