<?xml version="1.0" encoding="UTF-8"?>
<!-- Generated by org.testng.reporters.JUnitReportReporter -->
<testsuite skipped="0" hostname="MBRLT00979" name="com.mmb.qa.testcases.SetNewProeprtyAlertPageTest" tests="1" failures="0" timestamp="2021-02-17T16:21:01 IST" time="36.587" errors="0">
  <testcase name="verifySetAlertPropertyfillform" time="36.587" classname="com.mmb.qa.testcases.SetNewProeprtyAlertPageTest"/>
  <system-out/>
</testsuite> <!-- com.mmb.qa.testcases.SetNewProeprtyAlertPageTest -->
